0  0  0  0  0  0  0  21  0  0  1  0    0  21  0  0  2  0    0  21
0.5  0  5  8  0  0  0  21  5  8  1  0    0  21  5  8  2  0    0  21
1  0  5  8  0  0  0  21  5  8  1  0    0  21  5  8  2  0    0  21
1.5  8  5  8  0  0  0  21  5  8  1  0    0  21  5  8  2  0    0  21
2  8  5  8  0  0  0  21  5  8  1  0    0  21  5  8  2  0    0  21
2.5  8  5  8  0  0  0  21  5  8  1  0    0  21  5  8  2  0    0  21
3  8  5  8  0  0  0  21  5  8  1  0    0  21  5  8  2  0    0.116281  10.3704
3.5  8  5  8  0  0  0  21  5  8  1  0    0  21  5  8  2  0    0.116281  7.94269
4  8  5  8  0  0  0  21  5  8  1  0    0  21  5  8  2  0    1.16281e-07  7.84168
4.5  8  5  8  0  0  0  21  5  8  1  0    0  21  5  8  2  0    1.16281e-07  7.75488
5  8  5  8  0  0  0  21  5  8  1  0    0  21  5  8  2  0    1.16281e-13  7.6803
5.5  8  5  8  0  0  0  21  5  8  1  0    0  21  5  8  2  0    1.16281e-13  7.61622
6  8  5  8  0  0  0  21  5  8  1  0    0  21  5  8  2  0    1.16281e-19  7.56116
6.5  8  5  8  0  0  0  21  5  8  1  0    0  21  5  8  2  0    1.16281e-19  7.51384
7  8  5  8  0  0  0  21  5  8  1  0    0  21  5  8  2  0    1.16281e-25  7.47319
7.5  8  5  8  0  0  0  21  5  8  1  0    0  21  5  8  2  0    1.16281e-25  7.43826
8  8  5  8  0  0  0  21  5  8  1  0    0  21  5  8  2  0    1.16281e-31  7.40824
8.5  8  5  8  0  0  0  21  5  8  1  0    0  21  5  8  2  0    1.16281e-31  7.38245
9  8  5  8  0  0  0  21  5  8  1  0    0  21  5  8  2  0    1.16281e-37  7.36029
9.5  8  5  8  0  0  0  21  5  8  1  0    0  21  5  8  2  0    1.16281e-37  7.34125
10  8  5  8  0  0  0  21  5  8  1  0    0  21  5  8  2  0    1.16281e-37  7.32489
